<?xml version="1.0" encoding="UTF-8"?>
<!-- Generated by org.testng.reporters.JUnitReportReporter -->
<testsuite skipped="0" hostname="LAPTOP-556U1AQS" name="com.banking.testCases.LoginTest" tests="1" failures="0" timestamp="09 Oct 2020 09:24:19 GMT" time="3.270" errors="0">
  <testcase name="test_login" time="3.270" classname="com.banking.testCases.LoginTest"/>
</testsuite> <!-- com.banking.testCases.LoginTest -->
